<?xml version="1.0" encoding="UTF-8"?>
<!-- Generated by org.testng.reporters.JUnitReportReporter -->
<testsuite hostname="DeBaSiSh-PC" failures="0" tests="2" name="rsa.Tests.ErrorValidationsTest" time="29.585" errors="0" timestamp="2024-10-21T14:42:02 IST" skipped="0">
  <testcase classname="rsa.Tests.ErrorValidationsTest" name="loginErrorValiadtion" time="5.704"/>
  <testcase classname="rsa.Tests.ErrorValidationsTest" name="ProductErrorValiadtion" time="23.881"/>
</testsuite> <!-- rsa.Tests.ErrorValidationsTest -->
