<?xml version="1.0" encoding="UTF-8"?>
<!-- Generated by org.testng.reporters.JUnitReportReporter -->
<testsuite hostname="DeBaSiSh-PC" failures="0" tests="1" name="rsa.cucumber.TestNGTestRunner" time="8.091" errors="0" timestamp="2024-10-21T15:05:20 IST" skipped="0">
  <testcase classname="rsa.cucumber.TestNGTestRunner" name="runScenario" time="8.091"/>
</testsuite> <!-- rsa.cucumber.TestNGTestRunner -->
