<?xml version="1.0" encoding="UTF-8"?>
<!-- Generated by org.testng.reporters.JUnitReportReporter -->
<testsuite hostname="DeBaSiSh-PC" failures="0" tests="3" name="rsa.Tests.SubmitOrderTest" time="67.210" errors="0" timestamp="2024-10-22T14:57:21 IST" skipped="0">
  <testcase classname="rsa.Tests.SubmitOrderTest" name="submitOrder" time="30.318"/>
  <testcase classname="rsa.Tests.SubmitOrderTest" name="OrderHistoryTest" time="8.866"/>
  <testcase classname="rsa.Tests.SubmitOrderTest" name="submitOrder" time="28.026"/>
</testsuite> <!-- rsa.Tests.SubmitOrderTest -->
