<?xml version="1.0" encoding="UTF-8"?>
<!-- Generated by org.testng.reporters.JUnitReportReporter -->
<testsuite hostname="DeBaSiSh-PC" failures="0" tests="2" name="rsa.Tests.ErrorValidationsTest" time="32.128" errors="0" timestamp="2024-10-22T14:57:20 IST" skipped="0">
  <testcase classname="rsa.Tests.ErrorValidationsTest" name="ProductErrorValiadtion" time="19.608"/>
  <testcase classname="rsa.Tests.ErrorValidationsTest" name="loginErrorValiadtion" time="12.520"/>
</testsuite> <!-- rsa.Tests.ErrorValidationsTest -->
